<?xml version="1.0" encoding="UTF-8"?>
<!-- Generated by org.testng.reporters.JUnitXMLReporter -->
<testsuite hostname="DESKTOP-S9NHUDN" ignored="0" name="Test" tests="4" failures="0" timestamp="19 Jul 2020 11:01:23 GMT" time="138.35" errors="0">
  <testcase name="registertest" time="45.17" classname="selenium.Register"/>
  <testcase name="logintest" time="33.939" classname="selenium.Login"/>
  <testcase name="searchtest" time="18.866" classname="selenium.Search"/>
  <testcase name="addtocarttest" time="40.319" classname="selenium.Addtocart"/>
</testsuite> <!-- Test -->
